2023-08-01 23:39:11.950 [restartedMain] INFO  com.vti.FinalExamApplication - Starting FinalExamApplication using Java 17 with PID 16064 (E:\Project\Final_Exam_Spring\final-exam\target\classes started by Quang Anh in E:\Project\Final_Exam_Spring\final-exam)
2023-08-01 23:39:11.980 [restartedMain] INFO  com.vti.FinalExamApplication - No active profile set, falling back to 1 default profile: "default"
2023-08-01 23:39:12.221 [restartedMain] INFO  org.springframework.boot.devtools.env.DevToolsPropertyDefaultsPostProcessor - Devtools property defaults active! Set 'spring.devtools.add-properties' to 'false' to disable
2023-08-01 23:39:12.222 [restartedMain] INFO  org.springframework.boot.devtools.env.DevToolsPropertyDefaultsPostProcessor - For additional web related logging consider setting the 'logging.level.web' property to 'DEBUG'
2023-08-01 23:39:14.582 [restartedMain] INFO  org.springframework.data.repository.config.RepositoryConfigurationDelegate - Bootstrapping Spring Data JPA repositories in DEFAULT mode.
2023-08-01 23:39:14.774 [restartedMain] INFO  org.springframework.data.repository.config.RepositoryConfigurationDelegate - Finished Spring Data repository scanning in 171 ms. Found 4 JPA repository interfaces.
2023-08-01 23:39:16.604 [restartedMain] INFO  org.springframework.boot.web.embedded.tomcat.TomcatWebServer - Tomcat initialized with port(s): 8080 (http)
2023-08-01 23:39:16.622 [restartedMain] INFO  org.apache.coyote.http11.Http11NioProtocol - Initializing ProtocolHandler ["http-nio-8080"]
2023-08-01 23:39:16.627 [restartedMain] INFO  org.apache.catalina.core.StandardService - Starting service [Tomcat]
2023-08-01 23:39:16.628 [restartedMain] INFO  org.apache.catalina.core.StandardEngine - Starting Servlet engine: [Apache Tomcat/10.1.10]
2023-08-01 23:39:16.774 [restartedMain] INFO  org.apache.catalina.core.ContainerBase.[Tomcat].[localhost].[/] - Initializing Spring embedded WebApplicationContext
2023-08-01 23:39:16.779 [restartedMain] INFO  org.springframework.boot.web.servlet.context.ServletWebServerApplicationContext - Root WebApplicationContext: initialization completed in 4548 ms
2023-08-01 23:39:18.447 [restartedMain] INFO  org.springframework.orm.jpa.persistenceunit.SpringPersistenceUnitInfo - No LoadTimeWeaver setup: ignoring JPA class transformer
2023-08-01 23:39:18.548 [restartedMain] INFO  com.zaxxer.hikari.HikariDataSource - HikariPool-1 - Starting...
2023-08-01 23:39:19.571 [restartedMain] INFO  com.zaxxer.hikari.pool.HikariPool - HikariPool-1 - Added connection com.mysql.cj.jdbc.ConnectionImpl@18e400e3
2023-08-01 23:39:19.575 [restartedMain] INFO  com.zaxxer.hikari.HikariDataSource - HikariPool-1 - Start completed.
2023-08-01 23:39:23.124 [restartedMain] INFO  org.springframework.orm.jpa.LocalContainerEntityManagerFactoryBean - Initialized JPA EntityManagerFactory for persistence unit 'default'
2023-08-01 23:39:24.900 [restartedMain] WARN  org.springframework.boot.autoconfigure.orm.jpa.JpaBaseConfiguration$JpaWebConfiguration - spring.jpa.open-in-view is enabled by default. Therefore, database queries may be performed during view rendering. Explicitly configure spring.jpa.open-in-view to disable this warning
2023-08-01 23:39:25.611 [restartedMain] INFO  org.springframework.data.jpa.repository.query.QueryEnhancerFactory - Hibernate is in classpath; If applicable, HQL parser will be used.
2023-08-01 23:39:26.139 [restartedMain] DEBUG org.springframework.web.servlet.mvc.method.annotation.RequestMappingHandlerMapping - 21 mappings in 'requestMappingHandlerMapping'
2023-08-01 23:39:28.780 [restartedMain] DEBUG org.springframework.web.servlet.handler.SimpleUrlHandlerMapping - Patterns [/webjars/**, /**, /swagger-ui*/*swagger-initializer.js, /swagger-ui*/**] in 'resourceHandlerMapping'
2023-08-01 23:39:28.872 [restartedMain] INFO  org.springframework.security.web.DefaultSecurityFilterChain - Will secure any request with [org.springframework.security.web.session.DisableEncodeUrlFilter@4cde2a07, org.springframework.security.web.context.request.async.WebAsyncManagerIntegrationFilter@799d114f, org.springframework.security.web.context.SecurityContextHolderFilter@7343e6dc, org.springframework.security.web.header.HeaderWriterFilter@553c67f6, org.springframework.web.filter.CorsFilter@3cd64a01, com.vti.configuration.security.JwtLoginFilter@37acb949, com.vti.configuration.security.JwtAuthenticationFilter@46a112e3, org.springframework.security.web.savedrequest.RequestCacheAwareFilter@3b79b22a, org.springframework.security.web.servletapi.SecurityContextHolderAwareRequestFilter@73055cba, org.springframework.security.web.authentication.AnonymousAuthenticationFilter@328075c9, org.springframework.security.web.session.SessionManagementFilter@1146d79f, org.springframework.security.web.access.ExceptionTranslationFilter@2977d2dc, org.springframework.security.web.access.intercept.AuthorizationFilter@4e0a5369]
2023-08-01 23:39:28.886 [restartedMain] WARN  org.springframework.security.config.annotation.web.builders.WebSecurity - You are asking Spring Security to ignore Mvc [pattern='/pages/**']. This is not recommended -- please use permitAll via HttpSecurity#authorizeHttpRequests instead.
2023-08-01 23:39:28.886 [restartedMain] INFO  org.springframework.security.web.DefaultSecurityFilterChain - Will not secure Mvc [pattern='/pages/**']
2023-08-01 23:39:28.887 [restartedMain] WARN  org.springframework.security.config.annotation.web.builders.WebSecurity - You are asking Spring Security to ignore Mvc [pattern='/auth/**']. This is not recommended -- please use permitAll via HttpSecurity#authorizeHttpRequests instead.
2023-08-01 23:39:28.888 [restartedMain] INFO  org.springframework.security.web.DefaultSecurityFilterChain - Will not secure Mvc [pattern='/auth/**']
2023-08-01 23:39:28.888 [restartedMain] WARN  org.springframework.security.config.annotation.web.builders.WebSecurity - You are asking Spring Security to ignore Mvc [pattern='/password/**']. This is not recommended -- please use permitAll via HttpSecurity#authorizeHttpRequests instead.
2023-08-01 23:39:28.888 [restartedMain] INFO  org.springframework.security.web.DefaultSecurityFilterChain - Will not secure Mvc [pattern='/password/**']
2023-08-01 23:39:28.891 [restartedMain] WARN  org.springframework.security.config.annotation.web.builders.WebSecurity - You are asking Spring Security to ignore Mvc [pattern='/swagger-ui/**']. This is not recommended -- please use permitAll via HttpSecurity#authorizeHttpRequests instead.
2023-08-01 23:39:28.891 [restartedMain] INFO  org.springframework.security.web.DefaultSecurityFilterChain - Will not secure Mvc [pattern='/swagger-ui/**']
2023-08-01 23:39:28.891 [restartedMain] WARN  org.springframework.security.config.annotation.web.builders.WebSecurity - You are asking Spring Security to ignore Mvc [pattern='/swagger-resources/**']. This is not recommended -- please use permitAll via HttpSecurity#authorizeHttpRequests instead.
2023-08-01 23:39:28.892 [restartedMain] INFO  org.springframework.security.web.DefaultSecurityFilterChain - Will not secure Mvc [pattern='/swagger-resources/**']
2023-08-01 23:39:28.893 [restartedMain] WARN  org.springframework.security.config.annotation.web.builders.WebSecurity - You are asking Spring Security to ignore Mvc [pattern='/v3/api-docs/**']. This is not recommended -- please use permitAll via HttpSecurity#authorizeHttpRequests instead.
2023-08-01 23:39:28.900 [restartedMain] INFO  org.springframework.security.web.DefaultSecurityFilterChain - Will not secure Mvc [pattern='/v3/api-docs/**']
2023-08-01 23:39:29.153 [restartedMain] DEBUG org.springframework.web.servlet.mvc.method.annotation.RequestMappingHandlerAdapter - ControllerAdvice beans: 0 @ModelAttribute, 0 @InitBinder, 1 RequestBodyAdvice, 1 ResponseBodyAdvice
2023-08-01 23:39:29.236 [restartedMain] DEBUG org.springframework.web.servlet.mvc.method.annotation.ExceptionHandlerExceptionResolver - ControllerAdvice beans: 2 @ExceptionHandler, 1 ResponseBodyAdvice
2023-08-01 23:39:29.687 [restartedMain] INFO  org.springframework.boot.devtools.autoconfigure.OptionalLiveReloadServer - LiveReload server is running on port 35729
2023-08-01 23:39:29.719 [restartedMain] INFO  org.apache.coyote.http11.Http11NioProtocol - Starting ProtocolHandler ["http-nio-8080"]
2023-08-01 23:39:29.756 [restartedMain] INFO  org.springframework.boot.web.embedded.tomcat.TomcatWebServer - Tomcat started on port(s): 8080 (http) with context path ''
2023-08-01 23:39:29.775 [restartedMain] INFO  com.vti.FinalExamApplication - Started FinalExamApplication in 18.74 seconds (process running for 21.848)
2023-08-01 23:39:47.462 [http-nio-8080-exec-1] INFO  org.apache.catalina.core.ContainerBase.[Tomcat].[localhost].[/] - Initializing Spring DispatcherServlet 'dispatcherServlet'
2023-08-01 23:39:47.463 [http-nio-8080-exec-1] INFO  org.springframework.web.servlet.DispatcherServlet - Initializing Servlet 'dispatcherServlet'
2023-08-01 23:39:47.464 [http-nio-8080-exec-1] DEBUG org.springframework.web.servlet.DispatcherServlet - Detected StandardServletMultipartResolver
2023-08-01 23:39:47.464 [http-nio-8080-exec-1] DEBUG org.springframework.web.servlet.DispatcherServlet - Detected AcceptHeaderLocaleResolver
2023-08-01 23:39:47.465 [http-nio-8080-exec-1] DEBUG org.springframework.web.servlet.DispatcherServlet - Detected FixedThemeResolver
2023-08-01 23:39:47.468 [http-nio-8080-exec-1] DEBUG org.springframework.web.servlet.DispatcherServlet - Detected org.springframework.web.servlet.view.DefaultRequestToViewNameTranslator@123cc286
2023-08-01 23:39:47.469 [http-nio-8080-exec-1] DEBUG org.springframework.web.servlet.DispatcherServlet - Detected org.springframework.web.servlet.support.SessionFlashMapManager@770956f8
2023-08-01 23:39:47.470 [http-nio-8080-exec-1] DEBUG org.springframework.web.servlet.DispatcherServlet - enableLoggingRequestDetails='false': request parameters and headers will be masked to prevent unsafe logging of potentially sensitive data
2023-08-01 23:39:47.470 [http-nio-8080-exec-1] INFO  org.springframework.web.servlet.DispatcherServlet - Completed initialization in 6 ms
2023-08-01 23:39:47.529 [http-nio-8080-exec-1] DEBUG org.springframework.web.servlet.mvc.method.annotation.RequestMappingHandlerMapping - Mapped to com.vti.controller.AccountController#findAll(AccountFilterForm, Pageable)
2023-08-01 23:39:47.529 [http-nio-8080-exec-2] DEBUG org.springframework.web.servlet.mvc.method.annotation.RequestMappingHandlerMapping - Mapped to com.vti.controller.DepartmentController#findAll(DepartmentFilterForm, Pageable)
2023-08-01 23:39:47.530 [http-nio-8080-exec-2] DEBUG org.springframework.web.servlet.mvc.method.annotation.RequestMappingHandlerMapping - Mapped to com.vti.controller.DepartmentController#findAll(DepartmentFilterForm, Pageable)
2023-08-01 23:39:47.531 [http-nio-8080-exec-1] DEBUG org.springframework.web.servlet.mvc.method.annotation.RequestMappingHandlerMapping - Mapped to com.vti.controller.AccountController#findAll(AccountFilterForm, Pageable)
2023-08-01 23:39:47.531 [http-nio-8080-exec-2] DEBUG org.springframework.web.servlet.mvc.method.annotation.RequestMappingHandlerMapping - Mapped to com.vti.controller.DepartmentController#findAll(DepartmentFilterForm, Pageable)
2023-08-01 23:39:47.531 [http-nio-8080-exec-2] DEBUG org.springframework.web.servlet.mvc.method.annotation.RequestMappingHandlerMapping - Mapped to com.vti.controller.DepartmentController#findAll(DepartmentFilterForm, Pageable)
2023-08-01 23:39:47.532 [http-nio-8080-exec-2] DEBUG org.springframework.web.servlet.mvc.method.annotation.RequestMappingHandlerMapping - Mapped to com.vti.controller.DepartmentController#findAll(DepartmentFilterForm, Pageable)
2023-08-01 23:39:47.532 [http-nio-8080-exec-2] DEBUG org.springframework.web.servlet.mvc.method.annotation.RequestMappingHandlerMapping - Mapped to com.vti.controller.DepartmentController#findAll(DepartmentFilterForm, Pageable)
2023-08-01 23:39:47.533 [http-nio-8080-exec-1] DEBUG org.springframework.web.servlet.mvc.method.annotation.RequestMappingHandlerMapping - Mapped to com.vti.controller.AccountController#findAll(AccountFilterForm, Pageable)
2023-08-01 23:39:47.533 [http-nio-8080-exec-1] DEBUG org.springframework.web.servlet.mvc.method.annotation.RequestMappingHandlerMapping - Mapped to com.vti.controller.AccountController#findAll(AccountFilterForm, Pageable)
2023-08-01 23:39:47.534 [http-nio-8080-exec-1] DEBUG org.springframework.web.servlet.mvc.method.annotation.RequestMappingHandlerMapping - Mapped to com.vti.controller.AccountController#findAll(AccountFilterForm, Pageable)
2023-08-01 23:39:47.535 [http-nio-8080-exec-1] DEBUG org.springframework.web.servlet.mvc.method.annotation.RequestMappingHandlerMapping - Mapped to com.vti.controller.AccountController#findAll(AccountFilterForm, Pageable)
2023-08-01 23:39:47.536 [http-nio-8080-exec-1] DEBUG org.springframework.security.web.FilterChainProxy - Securing GET /api/v1/accounts?page=1&size=10&sort=createdAt%2Cdesc&search=&role=&minId=&maxId=&minCreatedDate=&maxCreatedDate=
2023-08-01 23:39:47.533 [http-nio-8080-exec-2] DEBUG org.springframework.security.web.FilterChainProxy - Securing GET /api/v1/departments
2023-08-01 23:39:48.261 [http-nio-8080-exec-1] DEBUG org.springframework.web.servlet.mvc.method.annotation.RequestMappingHandlerMapping - Mapped to com.vti.controller.AccountController#findAll(AccountFilterForm, Pageable)
2023-08-01 23:39:48.261 [http-nio-8080-exec-2] DEBUG org.springframework.web.servlet.mvc.method.annotation.RequestMappingHandlerMapping - Mapped to com.vti.controller.DepartmentController#findAll(DepartmentFilterForm, Pageable)
2023-08-01 23:39:48.262 [http-nio-8080-exec-2] DEBUG org.springframework.web.servlet.mvc.method.annotation.RequestMappingHandlerMapping - Mapped to com.vti.controller.DepartmentController#findAll(DepartmentFilterForm, Pageable)
2023-08-01 23:39:48.262 [http-nio-8080-exec-1] DEBUG org.springframework.web.servlet.mvc.method.annotation.RequestMappingHandlerMapping - Mapped to com.vti.controller.AccountController#findAll(AccountFilterForm, Pageable)
2023-08-01 23:39:48.262 [http-nio-8080-exec-2] DEBUG org.springframework.web.servlet.mvc.method.annotation.RequestMappingHandlerMapping - Mapped to com.vti.controller.DepartmentController#findAll(DepartmentFilterForm, Pageable)
2023-08-01 23:39:48.262 [http-nio-8080-exec-1] DEBUG org.springframework.web.servlet.mvc.method.annotation.RequestMappingHandlerMapping - Mapped to com.vti.controller.AccountController#findAll(AccountFilterForm, Pageable)
2023-08-01 23:39:48.263 [http-nio-8080-exec-1] DEBUG org.springframework.web.servlet.mvc.method.annotation.RequestMappingHandlerMapping - Mapped to com.vti.controller.AccountController#findAll(AccountFilterForm, Pageable)
2023-08-01 23:39:48.263 [http-nio-8080-exec-1] DEBUG org.springframework.web.servlet.mvc.method.annotation.RequestMappingHandlerMapping - Mapped to com.vti.controller.AccountController#findAll(AccountFilterForm, Pageable)
2023-08-01 23:39:48.264 [http-nio-8080-exec-1] DEBUG org.springframework.web.servlet.mvc.method.annotation.RequestMappingHandlerMapping - Mapped to com.vti.controller.AccountController#findAll(AccountFilterForm, Pageable)
2023-08-01 23:39:48.265 [http-nio-8080-exec-1] DEBUG org.springframework.web.servlet.mvc.method.annotation.RequestMappingHandlerMapping - Mapped to com.vti.controller.AccountController#findAll(AccountFilterForm, Pageable)
2023-08-01 23:39:48.266 [http-nio-8080-exec-1] DEBUG org.springframework.security.web.FilterChainProxy - Secured GET /api/v1/accounts?page=1&size=10&sort=createdAt%2Cdesc&search=&role=&minId=&maxId=&minCreatedDate=&maxCreatedDate=
2023-08-01 23:39:48.276 [http-nio-8080-exec-1] DEBUG org.springframework.web.servlet.DispatcherServlet - GET "/api/v1/accounts?page=1&size=10&sort=createdAt%2Cdesc&search=&role=&minId=&maxId=&minCreatedDate=&maxCreatedDate=", parameters={masked}
2023-08-01 23:39:48.279 [http-nio-8080-exec-1] DEBUG org.springframework.web.servlet.mvc.method.annotation.RequestMappingHandlerMapping - Mapped to com.vti.controller.AccountController#findAll(AccountFilterForm, Pageable)
2023-08-01 23:39:48.263 [http-nio-8080-exec-2] DEBUG org.springframework.web.servlet.mvc.method.annotation.RequestMappingHandlerMapping - Mapped to com.vti.controller.DepartmentController#findAll(DepartmentFilterForm, Pageable)
2023-08-01 23:39:48.305 [http-nio-8080-exec-2] DEBUG org.springframework.web.servlet.mvc.method.annotation.RequestMappingHandlerMapping - Mapped to com.vti.controller.DepartmentController#findAll(DepartmentFilterForm, Pageable)
2023-08-01 23:39:48.307 [http-nio-8080-exec-2] DEBUG org.springframework.web.servlet.mvc.method.annotation.RequestMappingHandlerMapping - Mapped to com.vti.controller.DepartmentController#findAll(DepartmentFilterForm, Pageable)
2023-08-01 23:39:48.308 [http-nio-8080-exec-2] DEBUG org.springframework.web.servlet.mvc.method.annotation.RequestMappingHandlerMapping - Mapped to com.vti.controller.DepartmentController#findAll(DepartmentFilterForm, Pageable)
2023-08-01 23:39:48.308 [http-nio-8080-exec-2] DEBUG org.springframework.security.web.FilterChainProxy - Secured GET /api/v1/departments
2023-08-01 23:39:48.308 [http-nio-8080-exec-2] DEBUG org.springframework.web.servlet.DispatcherServlet - GET "/api/v1/departments", parameters={}
2023-08-01 23:39:48.309 [http-nio-8080-exec-2] DEBUG org.springframework.web.servlet.mvc.method.annotation.RequestMappingHandlerMapping - Mapped to com.vti.controller.DepartmentController#findAll(DepartmentFilterForm, Pageable)
2023-08-01 23:39:49.746 [http-nio-8080-exec-2] DEBUG org.springframework.web.servlet.mvc.method.annotation.RequestResponseBodyMethodProcessor - Using 'application/json', given [*/*] and supported [application/json, application/*+json]
2023-08-01 23:39:49.761 [http-nio-8080-exec-1] DEBUG org.springframework.web.servlet.mvc.method.annotation.RequestResponseBodyMethodProcessor - Using 'application/json', given [*/*] and supported [application/json, application/*+json]
2023-08-01 23:39:49.775 [http-nio-8080-exec-1] DEBUG org.springframework.web.servlet.mvc.method.annotation.RequestResponseBodyMethodProcessor - Writing [Page 1 of 1 containing com.vti.dto.AccountDto instances]
2023-08-01 23:39:49.776 [http-nio-8080-exec-2] DEBUG org.springframework.web.servlet.mvc.method.annotation.RequestResponseBodyMethodProcessor - Writing [Page 1 of 1 containing com.vti.dto.DepartmentDto instances]
2023-08-01 23:39:49.858 [http-nio-8080-exec-2] DEBUG org.springframework.web.servlet.DispatcherServlet - Completed 200 OK
2023-08-01 23:39:49.858 [http-nio-8080-exec-1] DEBUG org.springframework.web.servlet.DispatcherServlet - Completed 200 OK
2023-08-01 23:39:52.578 [http-nio-8080-exec-3] DEBUG org.springframework.web.servlet.mvc.method.annotation.RequestMappingHandlerMapping - Mapped to com.vti.controller.ResetPassWordController#forgotPassword(String)
2023-08-01 23:39:52.579 [http-nio-8080-exec-3] DEBUG org.springframework.web.servlet.mvc.method.annotation.RequestMappingHandlerMapping - Mapped to com.vti.controller.ResetPassWordController#forgotPassword(String)
2023-08-01 23:39:52.579 [http-nio-8080-exec-3] DEBUG org.springframework.web.servlet.mvc.method.annotation.RequestMappingHandlerMapping - Mapped to com.vti.controller.ResetPassWordController#forgotPassword(String)
2023-08-01 23:39:52.579 [http-nio-8080-exec-3] DEBUG org.springframework.web.servlet.mvc.method.annotation.RequestMappingHandlerMapping - Mapped to com.vti.controller.ResetPassWordController#forgotPassword(String)
2023-08-01 23:39:52.580 [http-nio-8080-exec-3] DEBUG org.springframework.web.servlet.mvc.method.annotation.RequestMappingHandlerMapping - Mapped to com.vti.controller.ResetPassWordController#forgotPassword(String)
2023-08-01 23:39:52.580 [http-nio-8080-exec-3] DEBUG org.springframework.web.servlet.mvc.method.annotation.RequestMappingHandlerMapping - Mapped to com.vti.controller.ResetPassWordController#forgotPassword(String)
2023-08-01 23:39:52.580 [http-nio-8080-exec-3] DEBUG org.springframework.security.web.FilterChainProxy - Securing POST /api/v1/password/forgot-password
2023-08-01 23:39:52.582 [http-nio-8080-exec-3] DEBUG org.springframework.security.web.authentication.AnonymousAuthenticationFilter - Set SecurityContextHolder to anonymous SecurityContext
2023-08-01 23:39:52.583 [http-nio-8080-exec-3] DEBUG org.springframework.web.servlet.mvc.method.annotation.RequestMappingHandlerMapping - Mapped to com.vti.controller.ResetPassWordController#forgotPassword(String)
2023-08-01 23:39:52.583 [http-nio-8080-exec-3] DEBUG org.springframework.web.servlet.mvc.method.annotation.RequestMappingHandlerMapping - Mapped to com.vti.controller.ResetPassWordController#forgotPassword(String)
2023-08-01 23:39:52.584 [http-nio-8080-exec-3] DEBUG org.springframework.web.servlet.mvc.method.annotation.RequestMappingHandlerMapping - Mapped to com.vti.controller.ResetPassWordController#forgotPassword(String)
2023-08-01 23:39:52.584 [http-nio-8080-exec-3] DEBUG org.springframework.security.web.FilterChainProxy - Secured POST /api/v1/password/forgot-password
2023-08-01 23:39:52.585 [http-nio-8080-exec-3] DEBUG org.springframework.web.servlet.DispatcherServlet - POST "/api/v1/password/forgot-password", parameters={masked}
2023-08-01 23:39:52.586 [http-nio-8080-exec-3] DEBUG org.springframework.web.servlet.mvc.method.annotation.RequestMappingHandlerMapping - Mapped to com.vti.controller.ResetPassWordController#forgotPassword(String)
2023-08-01 23:39:52.961 [http-nio-8080-exec-3] DEBUG org.springframework.web.servlet.mvc.method.annotation.HttpEntityMethodProcessor - Using 'text/plain', given [*/*] and supported [text/plain, */*, application/json, application/*+json]
2023-08-01 23:39:52.962 [http-nio-8080-exec-3] DEBUG org.springframework.web.servlet.mvc.method.annotation.HttpEntityMethodProcessor - Writing ["Liên kết đặt lại mật khẩu đã được gửi đến quanganhdoan1299.vn@gmail.com"]
2023-08-01 23:39:52.965 [http-nio-8080-exec-3] DEBUG org.springframework.web.servlet.DispatcherServlet - Completed 200 OK
2023-08-01 23:40:14.027 [http-nio-8080-exec-4] DEBUG org.springframework.web.servlet.mvc.method.annotation.RequestMappingHandlerMapping - Mapped to com.vti.controller.ResetPassWordController#handleResetPassword(String, String, Model)
2023-08-01 23:40:14.028 [http-nio-8080-exec-4] DEBUG org.springframework.web.servlet.mvc.method.annotation.RequestMappingHandlerMapping - Mapped to com.vti.controller.ResetPassWordController#handleResetPassword(String, String, Model)
2023-08-01 23:40:14.028 [http-nio-8080-exec-4] DEBUG org.springframework.web.servlet.mvc.method.annotation.RequestMappingHandlerMapping - Mapped to com.vti.controller.ResetPassWordController#handleResetPassword(String, String, Model)
2023-08-01 23:40:14.030 [http-nio-8080-exec-4] DEBUG org.springframework.web.servlet.mvc.method.annotation.RequestMappingHandlerMapping - Mapped to com.vti.controller.ResetPassWordController#handleResetPassword(String, String, Model)
2023-08-01 23:40:14.031 [http-nio-8080-exec-4] DEBUG org.springframework.web.servlet.mvc.method.annotation.RequestMappingHandlerMapping - Mapped to com.vti.controller.ResetPassWordController#handleResetPassword(String, String, Model)
2023-08-01 23:40:14.032 [http-nio-8080-exec-4] DEBUG org.springframework.web.servlet.mvc.method.annotation.RequestMappingHandlerMapping - Mapped to com.vti.controller.ResetPassWordController#handleResetPassword(String, String, Model)
2023-08-01 23:40:14.032 [http-nio-8080-exec-4] DEBUG org.springframework.security.web.FilterChainProxy - Securing POST /api/v1/password/reset-password
2023-08-01 23:40:14.033 [http-nio-8080-exec-4] DEBUG org.springframework.security.web.authentication.AnonymousAuthenticationFilter - Set SecurityContextHolder to anonymous SecurityContext
2023-08-01 23:40:14.034 [http-nio-8080-exec-4] DEBUG org.springframework.web.servlet.mvc.method.annotation.RequestMappingHandlerMapping - Mapped to com.vti.controller.ResetPassWordController#handleResetPassword(String, String, Model)
2023-08-01 23:40:14.035 [http-nio-8080-exec-4] DEBUG org.springframework.web.servlet.mvc.method.annotation.RequestMappingHandlerMapping - Mapped to com.vti.controller.ResetPassWordController#handleResetPassword(String, String, Model)
2023-08-01 23:40:14.035 [http-nio-8080-exec-4] DEBUG org.springframework.web.servlet.mvc.method.annotation.RequestMappingHandlerMapping - Mapped to com.vti.controller.ResetPassWordController#handleResetPassword(String, String, Model)
2023-08-01 23:40:14.036 [http-nio-8080-exec-4] DEBUG org.springframework.web.servlet.mvc.method.annotation.RequestMappingHandlerMapping - Mapped to com.vti.controller.ResetPassWordController#handleResetPassword(String, String, Model)
2023-08-01 23:40:14.036 [http-nio-8080-exec-4] DEBUG org.springframework.security.web.FilterChainProxy - Secured POST /api/v1/password/reset-password
2023-08-01 23:40:14.036 [http-nio-8080-exec-4] DEBUG org.springframework.web.servlet.DispatcherServlet - POST "/api/v1/password/reset-password", parameters={masked}
2023-08-01 23:40:14.037 [http-nio-8080-exec-4] DEBUG org.springframework.web.servlet.mvc.method.annotation.RequestMappingHandlerMapping - Mapped to com.vti.controller.ResetPassWordController#handleResetPassword(String, String, Model)
2023-08-01 23:40:14.213 [http-nio-8080-exec-4] DEBUG org.springframework.web.servlet.mvc.method.annotation.RequestResponseBodyMethodProcessor - Using 'text/plain', given [*/*] and supported [text/plain, */*, application/json, application/*+json]
2023-08-01 23:40:14.214 [http-nio-8080-exec-4] DEBUG org.springframework.web.servlet.mvc.method.annotation.RequestResponseBodyMethodProcessor - Writing ["reset-password"]
2023-08-01 23:40:14.216 [http-nio-8080-exec-4] DEBUG org.springframework.web.servlet.DispatcherServlet - Completed 200 OK
2023-08-01 23:40:23.244 [http-nio-8080-exec-5] DEBUG org.springframework.web.servlet.handler.SimpleUrlHandlerMapping - Mapped to ResourceHttpRequestHandler [classpath [META-INF/resources/], classpath [resources/], classpath [static/], classpath [public/], ServletContext [/]]
2023-08-01 23:40:23.245 [http-nio-8080-exec-5] DEBUG org.springframework.web.servlet.handler.SimpleUrlHandlerMapping - Mapped to ResourceHttpRequestHandler [classpath [META-INF/resources/], classpath [resources/], classpath [static/], classpath [public/], ServletContext [/]]
2023-08-01 23:40:23.246 [http-nio-8080-exec-5] DEBUG org.springframework.web.servlet.handler.SimpleUrlHandlerMapping - Mapped to ResourceHttpRequestHandler [classpath [META-INF/resources/], classpath [resources/], classpath [static/], classpath [public/], ServletContext [/]]
2023-08-01 23:40:23.247 [http-nio-8080-exec-5] DEBUG org.springframework.web.servlet.handler.SimpleUrlHandlerMapping - Mapped to ResourceHttpRequestHandler [classpath [META-INF/resources/], classpath [resources/], classpath [static/], classpath [public/], ServletContext [/]]
2023-08-01 23:40:23.248 [http-nio-8080-exec-5] DEBUG org.springframework.web.servlet.handler.SimpleUrlHandlerMapping - Mapped to ResourceHttpRequestHandler [classpath [META-INF/resources/], classpath [resources/], classpath [static/], classpath [public/], ServletContext [/]]
2023-08-01 23:40:23.249 [http-nio-8080-exec-5] DEBUG org.springframework.web.servlet.handler.SimpleUrlHandlerMapping - Mapped to ResourceHttpRequestHandler [classpath [META-INF/resources/], classpath [resources/], classpath [static/], classpath [public/], ServletContext [/]]
2023-08-01 23:40:23.249 [http-nio-8080-exec-5] DEBUG org.springframework.security.web.FilterChainProxy - Securing POST /api/v1/auth/login
2023-08-01 23:40:23.484 [http-nio-8080-exec-5] DEBUG org.springframework.security.authentication.dao.DaoAuthenticationProvider - Authenticated user
2023-08-01 23:40:24.962 [http-nio-8080-exec-6] DEBUG org.springframework.web.servlet.mvc.method.annotation.RequestMappingHandlerMapping - Mapped to com.vti.controller.AccountController#findAll(AccountFilterForm, Pageable)
2023-08-01 23:40:24.962 [http-nio-8080-exec-7] DEBUG org.springframework.web.servlet.mvc.method.annotation.RequestMappingHandlerMapping - Mapped to com.vti.controller.DepartmentController#findAll(DepartmentFilterForm, Pageable)
2023-08-01 23:40:24.962 [http-nio-8080-exec-6] DEBUG org.springframework.web.servlet.mvc.method.annotation.RequestMappingHandlerMapping - Mapped to com.vti.controller.AccountController#findAll(AccountFilterForm, Pageable)
2023-08-01 23:40:24.962 [http-nio-8080-exec-7] DEBUG org.springframework.web.servlet.mvc.method.annotation.RequestMappingHandlerMapping - Mapped to com.vti.controller.DepartmentController#findAll(DepartmentFilterForm, Pageable)
2023-08-01 23:40:24.962 [http-nio-8080-exec-6] DEBUG org.springframework.web.servlet.mvc.method.annotation.RequestMappingHandlerMapping - Mapped to com.vti.controller.AccountController#findAll(AccountFilterForm, Pageable)
2023-08-01 23:40:24.963 [http-nio-8080-exec-6] DEBUG org.springframework.web.servlet.mvc.method.annotation.RequestMappingHandlerMapping - Mapped to com.vti.controller.AccountController#findAll(AccountFilterForm, Pageable)
2023-08-01 23:40:24.963 [http-nio-8080-exec-7] DEBUG org.springframework.web.servlet.mvc.method.annotation.RequestMappingHandlerMapping - Mapped to com.vti.controller.DepartmentController#findAll(DepartmentFilterForm, Pageable)
2023-08-01 23:40:24.963 [http-nio-8080-exec-7] DEBUG org.springframework.web.servlet.mvc.method.annotation.RequestMappingHandlerMapping - Mapped to com.vti.controller.DepartmentController#findAll(DepartmentFilterForm, Pageable)
2023-08-01 23:40:24.963 [http-nio-8080-exec-6] DEBUG org.springframework.web.servlet.mvc.method.annotation.RequestMappingHandlerMapping - Mapped to com.vti.controller.AccountController#findAll(AccountFilterForm, Pageable)
2023-08-01 23:40:24.963 [http-nio-8080-exec-6] DEBUG org.springframework.web.servlet.mvc.method.annotation.RequestMappingHandlerMapping - Mapped to com.vti.controller.AccountController#findAll(AccountFilterForm, Pageable)
2023-08-01 23:40:24.963 [http-nio-8080-exec-7] DEBUG org.springframework.web.servlet.mvc.method.annotation.RequestMappingHandlerMapping - Mapped to com.vti.controller.DepartmentController#findAll(DepartmentFilterForm, Pageable)
2023-08-01 23:40:24.964 [http-nio-8080-exec-7] DEBUG org.springframework.web.servlet.mvc.method.annotation.RequestMappingHandlerMapping - Mapped to com.vti.controller.DepartmentController#findAll(DepartmentFilterForm, Pageable)
2023-08-01 23:40:24.964 [http-nio-8080-exec-6] DEBUG org.springframework.security.web.FilterChainProxy - Securing GET /api/v1/accounts?page=1&size=10&sort=createdAt%2Cdesc&search=&role=&minId=&maxId=&minCreatedDate=&maxCreatedDate=
2023-08-01 23:40:24.964 [http-nio-8080-exec-7] DEBUG org.springframework.security.web.FilterChainProxy - Securing GET /api/v1/departments
2023-08-01 23:40:24.978 [http-nio-8080-exec-7] DEBUG org.springframework.web.servlet.mvc.method.annotation.RequestMappingHandlerMapping - Mapped to com.vti.controller.DepartmentController#findAll(DepartmentFilterForm, Pageable)
2023-08-01 23:40:24.979 [http-nio-8080-exec-7] DEBUG org.springframework.web.servlet.mvc.method.annotation.RequestMappingHandlerMapping - Mapped to com.vti.controller.DepartmentController#findAll(DepartmentFilterForm, Pageable)
2023-08-01 23:40:24.980 [http-nio-8080-exec-7] DEBUG org.springframework.web.servlet.mvc.method.annotation.RequestMappingHandlerMapping - Mapped to com.vti.controller.DepartmentController#findAll(DepartmentFilterForm, Pageable)
2023-08-01 23:40:24.980 [http-nio-8080-exec-7] DEBUG org.springframework.web.servlet.mvc.method.annotation.RequestMappingHandlerMapping - Mapped to com.vti.controller.DepartmentController#findAll(DepartmentFilterForm, Pageable)
2023-08-01 23:40:24.981 [http-nio-8080-exec-7] DEBUG org.springframework.web.servlet.mvc.method.annotation.RequestMappingHandlerMapping - Mapped to com.vti.controller.DepartmentController#findAll(DepartmentFilterForm, Pageable)
2023-08-01 23:40:24.981 [http-nio-8080-exec-7] DEBUG org.springframework.web.servlet.mvc.method.annotation.RequestMappingHandlerMapping - Mapped to com.vti.controller.DepartmentController#findAll(DepartmentFilterForm, Pageable)
2023-08-01 23:40:24.981 [http-nio-8080-exec-7] DEBUG org.springframework.web.servlet.mvc.method.annotation.RequestMappingHandlerMapping - Mapped to com.vti.controller.DepartmentController#findAll(DepartmentFilterForm, Pageable)
2023-08-01 23:40:24.982 [http-nio-8080-exec-7] DEBUG org.springframework.security.web.FilterChainProxy - Secured GET /api/v1/departments
2023-08-01 23:40:24.982 [http-nio-8080-exec-7] DEBUG org.springframework.web.servlet.DispatcherServlet - GET "/api/v1/departments", parameters={}
2023-08-01 23:40:24.983 [http-nio-8080-exec-7] DEBUG org.springframework.web.servlet.mvc.method.annotation.RequestMappingHandlerMapping - Mapped to com.vti.controller.DepartmentController#findAll(DepartmentFilterForm, Pageable)
2023-08-01 23:40:24.986 [http-nio-8080-exec-6] DEBUG org.springframework.web.servlet.mvc.method.annotation.RequestMappingHandlerMapping - Mapped to com.vti.controller.AccountController#findAll(AccountFilterForm, Pageable)
2023-08-01 23:40:24.987 [http-nio-8080-exec-6] DEBUG org.springframework.web.servlet.mvc.method.annotation.RequestMappingHandlerMapping - Mapped to com.vti.controller.AccountController#findAll(AccountFilterForm, Pageable)
2023-08-01 23:40:24.987 [http-nio-8080-exec-6] DEBUG org.springframework.web.servlet.mvc.method.annotation.RequestMappingHandlerMapping - Mapped to com.vti.controller.AccountController#findAll(AccountFilterForm, Pageable)
2023-08-01 23:40:24.988 [http-nio-8080-exec-6] DEBUG org.springframework.web.servlet.mvc.method.annotation.RequestMappingHandlerMapping - Mapped to com.vti.controller.AccountController#findAll(AccountFilterForm, Pageable)
2023-08-01 23:40:24.988 [http-nio-8080-exec-6] DEBUG org.springframework.web.servlet.mvc.method.annotation.RequestMappingHandlerMapping - Mapped to com.vti.controller.AccountController#findAll(AccountFilterForm, Pageable)
2023-08-01 23:40:24.989 [http-nio-8080-exec-6] DEBUG org.springframework.web.servlet.mvc.method.annotation.RequestMappingHandlerMapping - Mapped to com.vti.controller.AccountController#findAll(AccountFilterForm, Pageable)
2023-08-01 23:40:24.989 [http-nio-8080-exec-6] DEBUG org.springframework.web.servlet.mvc.method.annotation.RequestMappingHandlerMapping - Mapped to com.vti.controller.AccountController#findAll(AccountFilterForm, Pageable)
2023-08-01 23:40:24.990 [http-nio-8080-exec-6] DEBUG org.springframework.security.web.FilterChainProxy - Secured GET /api/v1/accounts?page=1&size=10&sort=createdAt%2Cdesc&search=&role=&minId=&maxId=&minCreatedDate=&maxCreatedDate=
2023-08-01 23:40:25.000 [http-nio-8080-exec-6] DEBUG org.springframework.web.servlet.DispatcherServlet - GET "/api/v1/accounts?page=1&size=10&sort=createdAt%2Cdesc&search=&role=&minId=&maxId=&minCreatedDate=&maxCreatedDate=", parameters={masked}
2023-08-01 23:40:25.001 [http-nio-8080-exec-6] DEBUG org.springframework.web.servlet.mvc.method.annotation.RequestMappingHandlerMapping - Mapped to com.vti.controller.AccountController#findAll(AccountFilterForm, Pageable)
2023-08-01 23:40:25.455 [http-nio-8080-exec-7] DEBUG org.springframework.web.servlet.mvc.method.annotation.RequestResponseBodyMethodProcessor - Using 'application/json', given [*/*] and supported [application/json, application/*+json]
2023-08-01 23:40:25.456 [http-nio-8080-exec-7] DEBUG org.springframework.web.servlet.mvc.method.annotation.RequestResponseBodyMethodProcessor - Writing [Page 1 of 1 containing com.vti.dto.DepartmentDto instances]
2023-08-01 23:40:25.535 [http-nio-8080-exec-7] DEBUG org.springframework.web.servlet.DispatcherServlet - Completed 200 OK
2023-08-01 23:40:25.728 [http-nio-8080-exec-6] DEBUG org.springframework.web.servlet.mvc.method.annotation.RequestResponseBodyMethodProcessor - Using 'application/json', given [*/*] and supported [application/json, application/*+json]
2023-08-01 23:40:25.729 [http-nio-8080-exec-6] DEBUG org.springframework.web.servlet.mvc.method.annotation.RequestResponseBodyMethodProcessor - Writing [Page 1 of 1 containing com.vti.dto.AccountDto instances]
2023-08-01 23:40:25.765 [http-nio-8080-exec-6] DEBUG org.springframework.web.servlet.DispatcherServlet - Completed 200 OK
2023-08-01 23:40:30.736 [http-nio-8080-exec-8] DEBUG org.springframework.web.servlet.mvc.method.annotation.RequestMappingHandlerMapping - Mapped to com.vti.controller.ResetPassWordController#forgotPassword(String)
2023-08-01 23:40:30.736 [http-nio-8080-exec-8] DEBUG org.springframework.web.servlet.mvc.method.annotation.RequestMappingHandlerMapping - Mapped to com.vti.controller.ResetPassWordController#forgotPassword(String)
2023-08-01 23:40:30.737 [http-nio-8080-exec-8] DEBUG org.springframework.web.servlet.mvc.method.annotation.RequestMappingHandlerMapping - Mapped to com.vti.controller.ResetPassWordController#forgotPassword(String)
2023-08-01 23:40:30.737 [http-nio-8080-exec-8] DEBUG org.springframework.web.servlet.mvc.method.annotation.RequestMappingHandlerMapping - Mapped to com.vti.controller.ResetPassWordController#forgotPassword(String)
2023-08-01 23:40:30.737 [http-nio-8080-exec-8] DEBUG org.springframework.web.servlet.mvc.method.annotation.RequestMappingHandlerMapping - Mapped to com.vti.controller.ResetPassWordController#forgotPassword(String)
2023-08-01 23:40:30.738 [http-nio-8080-exec-8] DEBUG org.springframework.web.servlet.mvc.method.annotation.RequestMappingHandlerMapping - Mapped to com.vti.controller.ResetPassWordController#forgotPassword(String)
2023-08-01 23:40:30.738 [http-nio-8080-exec-8] DEBUG org.springframework.security.web.FilterChainProxy - Securing POST /api/v1/password/forgot-password
2023-08-01 23:40:30.739 [http-nio-8080-exec-8] DEBUG org.springframework.security.web.authentication.AnonymousAuthenticationFilter - Set SecurityContextHolder to anonymous SecurityContext
2023-08-01 23:40:30.739 [http-nio-8080-exec-8] DEBUG org.springframework.web.servlet.mvc.method.annotation.RequestMappingHandlerMapping - Mapped to com.vti.controller.ResetPassWordController#forgotPassword(String)
2023-08-01 23:40:30.740 [http-nio-8080-exec-8] DEBUG org.springframework.web.servlet.mvc.method.annotation.RequestMappingHandlerMapping - Mapped to com.vti.controller.ResetPassWordController#forgotPassword(String)
2023-08-01 23:40:30.741 [http-nio-8080-exec-8] DEBUG org.springframework.web.servlet.mvc.method.annotation.RequestMappingHandlerMapping - Mapped to com.vti.controller.ResetPassWordController#forgotPassword(String)
2023-08-01 23:40:30.741 [http-nio-8080-exec-8] DEBUG org.springframework.security.web.FilterChainProxy - Secured POST /api/v1/password/forgot-password
2023-08-01 23:40:30.742 [http-nio-8080-exec-8] DEBUG org.springframework.web.servlet.DispatcherServlet - POST "/api/v1/password/forgot-password", parameters={masked}
2023-08-01 23:40:30.742 [http-nio-8080-exec-8] DEBUG org.springframework.web.servlet.mvc.method.annotation.RequestMappingHandlerMapping - Mapped to com.vti.controller.ResetPassWordController#forgotPassword(String)
2023-08-01 23:40:30.921 [http-nio-8080-exec-8] DEBUG org.springframework.web.servlet.mvc.method.annotation.HttpEntityMethodProcessor - Using 'text/plain', given [*/*] and supported [text/plain, */*, application/json, application/*+json]
2023-08-01 23:40:30.922 [http-nio-8080-exec-8] DEBUG org.springframework.web.servlet.mvc.method.annotation.HttpEntityMethodProcessor - Writing ["Liên kết đặt lại mật khẩu đã được gửi đến quanganhdoan1299.vn@gmail.com"]
2023-08-01 23:40:30.923 [http-nio-8080-exec-8] DEBUG org.springframework.web.servlet.DispatcherServlet - Completed 200 OK
2023-08-01 23:40:46.611 [http-nio-8080-exec-9] DEBUG org.springframework.web.servlet.mvc.method.annotation.RequestMappingHandlerMapping - Mapped to com.vti.controller.ResetPassWordController#handleResetPassword(String, String, Model)
2023-08-01 23:40:46.611 [http-nio-8080-exec-9] DEBUG org.springframework.web.servlet.mvc.method.annotation.RequestMappingHandlerMapping - Mapped to com.vti.controller.ResetPassWordController#handleResetPassword(String, String, Model)
2023-08-01 23:40:46.612 [http-nio-8080-exec-9] DEBUG org.springframework.web.servlet.mvc.method.annotation.RequestMappingHandlerMapping - Mapped to com.vti.controller.ResetPassWordController#handleResetPassword(String, String, Model)
2023-08-01 23:40:46.613 [http-nio-8080-exec-9] DEBUG org.springframework.web.servlet.mvc.method.annotation.RequestMappingHandlerMapping - Mapped to com.vti.controller.ResetPassWordController#handleResetPassword(String, String, Model)
2023-08-01 23:40:46.613 [http-nio-8080-exec-9] DEBUG org.springframework.web.servlet.mvc.method.annotation.RequestMappingHandlerMapping - Mapped to com.vti.controller.ResetPassWordController#handleResetPassword(String, String, Model)
2023-08-01 23:40:46.614 [http-nio-8080-exec-9] DEBUG org.springframework.web.servlet.mvc.method.annotation.RequestMappingHandlerMapping - Mapped to com.vti.controller.ResetPassWordController#handleResetPassword(String, String, Model)
2023-08-01 23:40:46.614 [http-nio-8080-exec-9] DEBUG org.springframework.security.web.FilterChainProxy - Securing POST /api/v1/password/reset-password
2023-08-01 23:40:46.616 [http-nio-8080-exec-9] DEBUG org.springframework.security.web.authentication.AnonymousAuthenticationFilter - Set SecurityContextHolder to anonymous SecurityContext
2023-08-01 23:40:46.617 [http-nio-8080-exec-9] DEBUG org.springframework.web.servlet.mvc.method.annotation.RequestMappingHandlerMapping - Mapped to com.vti.controller.ResetPassWordController#handleResetPassword(String, String, Model)
2023-08-01 23:40:46.617 [http-nio-8080-exec-9] DEBUG org.springframework.web.servlet.mvc.method.annotation.RequestMappingHandlerMapping - Mapped to com.vti.controller.ResetPassWordController#handleResetPassword(String, String, Model)
2023-08-01 23:40:46.618 [http-nio-8080-exec-9] DEBUG org.springframework.web.servlet.mvc.method.annotation.RequestMappingHandlerMapping - Mapped to com.vti.controller.ResetPassWordController#handleResetPassword(String, String, Model)
2023-08-01 23:40:46.619 [http-nio-8080-exec-9] DEBUG org.springframework.web.servlet.mvc.method.annotation.RequestMappingHandlerMapping - Mapped to com.vti.controller.ResetPassWordController#handleResetPassword(String, String, Model)
2023-08-01 23:40:46.620 [http-nio-8080-exec-9] DEBUG org.springframework.security.web.FilterChainProxy - Secured POST /api/v1/password/reset-password
2023-08-01 23:40:46.620 [http-nio-8080-exec-9] DEBUG org.springframework.web.servlet.DispatcherServlet - POST "/api/v1/password/reset-password", parameters={masked}
2023-08-01 23:40:46.620 [http-nio-8080-exec-9] DEBUG org.springframework.web.servlet.mvc.method.annotation.RequestMappingHandlerMapping - Mapped to com.vti.controller.ResetPassWordController#handleResetPassword(String, String, Model)
2023-08-01 23:40:46.733 [http-nio-8080-exec-9] DEBUG org.springframework.web.servlet.mvc.method.annotation.RequestResponseBodyMethodProcessor - Using 'text/plain', given [*/*] and supported [text/plain, */*, application/json, application/*+json]
2023-08-01 23:40:46.733 [http-nio-8080-exec-9] DEBUG org.springframework.web.servlet.mvc.method.annotation.RequestResponseBodyMethodProcessor - Writing ["reset-password"]
2023-08-01 23:40:46.734 [http-nio-8080-exec-9] DEBUG org.springframework.web.servlet.DispatcherServlet - Completed 200 OK
2023-08-01 23:40:56.352 [http-nio-8080-exec-10] DEBUG org.springframework.web.servlet.handler.SimpleUrlHandlerMapping - Mapped to ResourceHttpRequestHandler [classpath [META-INF/resources/], classpath [resources/], classpath [static/], classpath [public/], ServletContext [/]]
2023-08-01 23:40:56.353 [http-nio-8080-exec-10] DEBUG org.springframework.web.servlet.handler.SimpleUrlHandlerMapping - Mapped to ResourceHttpRequestHandler [classpath [META-INF/resources/], classpath [resources/], classpath [static/], classpath [public/], ServletContext [/]]
2023-08-01 23:40:56.355 [http-nio-8080-exec-10] DEBUG org.springframework.web.servlet.handler.SimpleUrlHandlerMapping - Mapped to ResourceHttpRequestHandler [classpath [META-INF/resources/], classpath [resources/], classpath [static/], classpath [public/], ServletContext [/]]
2023-08-01 23:40:56.356 [http-nio-8080-exec-10] DEBUG org.springframework.web.servlet.handler.SimpleUrlHandlerMapping - Mapped to ResourceHttpRequestHandler [classpath [META-INF/resources/], classpath [resources/], classpath [static/], classpath [public/], ServletContext [/]]
2023-08-01 23:40:56.357 [http-nio-8080-exec-10] DEBUG org.springframework.web.servlet.handler.SimpleUrlHandlerMapping - Mapped to ResourceHttpRequestHandler [classpath [META-INF/resources/], classpath [resources/], classpath [static/], classpath [public/], ServletContext [/]]
2023-08-01 23:40:56.358 [http-nio-8080-exec-10] DEBUG org.springframework.web.servlet.handler.SimpleUrlHandlerMapping - Mapped to ResourceHttpRequestHandler [classpath [META-INF/resources/], classpath [resources/], classpath [static/], classpath [public/], ServletContext [/]]
2023-08-01 23:40:56.358 [http-nio-8080-exec-10] DEBUG org.springframework.security.web.FilterChainProxy - Securing POST /api/v1/auth/login
2023-08-01 23:40:56.469 [http-nio-8080-exec-10] DEBUG org.springframework.security.authentication.dao.DaoAuthenticationProvider - Failed to authenticate since password does not match stored value
2023-08-01 23:40:56.674 [http-nio-8080-exec-10] DEBUG org.springframework.security.authentication.dao.DaoAuthenticationProvider - Failed to authenticate since password does not match stored value
2023-08-01 23:40:56.683 [http-nio-8080-exec-10] DEBUG org.springframework.security.web.authentication.SimpleUrlAuthenticationFailureHandler - Sending 401 Unauthorized error
2023-08-01 23:40:56.691 [http-nio-8080-exec-10] DEBUG org.springframework.web.servlet.mvc.method.annotation.RequestMappingHandlerMapping - Mapped to org.springframework.boot.autoconfigure.web.servlet.error.BasicErrorController#error(HttpServletRequest)
2023-08-01 23:40:56.691 [http-nio-8080-exec-10] DEBUG org.springframework.web.servlet.mvc.method.annotation.RequestMappingHandlerMapping - Mapped to org.springframework.boot.autoconfigure.web.servlet.error.BasicErrorController#error(HttpServletRequest)
2023-08-01 23:40:56.692 [http-nio-8080-exec-10] DEBUG org.springframework.web.servlet.mvc.method.annotation.RequestMappingHandlerMapping - Mapped to org.springframework.boot.autoconfigure.web.servlet.error.BasicErrorController#error(HttpServletRequest)
2023-08-01 23:40:56.692 [http-nio-8080-exec-10] DEBUG org.springframework.web.servlet.mvc.method.annotation.RequestMappingHandlerMapping - Mapped to org.springframework.boot.autoconfigure.web.servlet.error.BasicErrorController#error(HttpServletRequest)
2023-08-01 23:40:56.693 [http-nio-8080-exec-10] DEBUG org.springframework.web.servlet.mvc.method.annotation.RequestMappingHandlerMapping - Mapped to org.springframework.boot.autoconfigure.web.servlet.error.BasicErrorController#error(HttpServletRequest)
2023-08-01 23:40:56.694 [http-nio-8080-exec-10] DEBUG org.springframework.web.servlet.mvc.method.annotation.RequestMappingHandlerMapping - Mapped to org.springframework.boot.autoconfigure.web.servlet.error.BasicErrorController#error(HttpServletRequest)
2023-08-01 23:40:56.694 [http-nio-8080-exec-10] DEBUG org.springframework.security.web.FilterChainProxy - Securing POST /error
2023-08-01 23:40:56.694 [http-nio-8080-exec-10] DEBUG org.springframework.security.web.authentication.AnonymousAuthenticationFilter - Set SecurityContextHolder to anonymous SecurityContext
2023-08-01 23:40:56.695 [http-nio-8080-exec-10] DEBUG org.springframework.web.servlet.mvc.method.annotation.RequestMappingHandlerMapping - Mapped to org.springframework.boot.autoconfigure.web.servlet.error.BasicErrorController#error(HttpServletRequest)
2023-08-01 23:40:56.695 [http-nio-8080-exec-10] DEBUG org.springframework.web.servlet.mvc.method.annotation.RequestMappingHandlerMapping - Mapped to org.springframework.boot.autoconfigure.web.servlet.error.BasicErrorController#error(HttpServletRequest)
2023-08-01 23:40:56.696 [http-nio-8080-exec-10] DEBUG org.springframework.web.servlet.mvc.method.annotation.RequestMappingHandlerMapping - Mapped to org.springframework.boot.autoconfigure.web.servlet.error.BasicErrorController#error(HttpServletRequest)
2023-08-01 23:40:56.697 [http-nio-8080-exec-10] DEBUG org.springframework.web.servlet.mvc.method.annotation.RequestMappingHandlerMapping - Mapped to org.springframework.boot.autoconfigure.web.servlet.error.BasicErrorController#error(HttpServletRequest)
2023-08-01 23:40:56.697 [http-nio-8080-exec-10] DEBUG org.springframework.web.servlet.mvc.method.annotation.RequestMappingHandlerMapping - Mapped to org.springframework.boot.autoconfigure.web.servlet.error.BasicErrorController#error(HttpServletRequest)
2023-08-01 23:40:56.698 [http-nio-8080-exec-10] DEBUG org.springframework.web.servlet.mvc.method.annotation.RequestMappingHandlerMapping - Mapped to org.springframework.boot.autoconfigure.web.servlet.error.BasicErrorController#error(HttpServletRequest)
2023-08-01 23:40:56.698 [http-nio-8080-exec-10] DEBUG org.springframework.web.servlet.mvc.method.annotation.RequestMappingHandlerMapping - Mapped to org.springframework.boot.autoconfigure.web.servlet.error.BasicErrorController#error(HttpServletRequest)
2023-08-01 23:40:56.699 [http-nio-8080-exec-10] DEBUG org.springframework.web.servlet.mvc.method.annotation.RequestMappingHandlerMapping - Mapped to org.springframework.boot.autoconfigure.web.servlet.error.BasicErrorController#error(HttpServletRequest)
2023-08-01 23:40:56.700 [http-nio-8080-exec-10] DEBUG org.springframework.web.servlet.mvc.method.annotation.RequestMappingHandlerMapping - Mapped to org.springframework.boot.autoconfigure.web.servlet.error.BasicErrorController#error(HttpServletRequest)
2023-08-01 23:40:56.700 [http-nio-8080-exec-10] DEBUG org.springframework.web.servlet.mvc.method.annotation.RequestMappingHandlerMapping - Mapped to org.springframework.boot.autoconfigure.web.servlet.error.BasicErrorController#error(HttpServletRequest)
2023-08-01 23:40:56.708 [http-nio-8080-exec-10] ERROR com.vti.configuration.exception.ErrorHandler - Full authentication is required to access this resource
org.springframework.security.authentication.InsufficientAuthenticationException: Full authentication is required to access this resource
	at org.springframework.security.web.access.ExceptionTranslationFilter.handleAccessDeniedException(ExceptionTranslationFilter.java:199) [spring-security-web-6.1.1.jar:6.1.1]
	at org.springframework.security.web.access.ExceptionTranslationFilter.handleSpringSecurityException(ExceptionTranslationFilter.java:178) [spring-security-web-6.1.1.jar:6.1.1]
	at org.springframework.security.web.access.ExceptionTranslationFilter.doFilter(ExceptionTranslationFilter.java:147) [spring-security-web-6.1.1.jar:6.1.1]
	at org.springframework.security.web.access.ExceptionTranslationFilter.doFilter(ExceptionTranslationFilter.java:120) [spring-security-web-6.1.1.jar:6.1.1]
	at org.springframework.security.web.FilterChainProxy$VirtualFilterChain.doFilter(FilterChainProxy.java:374) [spring-security-web-6.1.1.jar:6.1.1]
	at org.springframework.security.web.session.SessionManagementFilter.doFilter(SessionManagementFilter.java:131) [spring-security-web-6.1.1.jar:6.1.1]
	at org.springframework.security.web.session.SessionManagementFilter.doFilter(SessionManagementFilter.java:85) [spring-security-web-6.1.1.jar:6.1.1]
	at org.springframework.security.web.FilterChainProxy$VirtualFilterChain.doFilter(FilterChainProxy.java:374) [spring-security-web-6.1.1.jar:6.1.1]
	at org.springframework.security.web.authentication.AnonymousAuthenticationFilter.doFilter(AnonymousAuthenticationFilter.java:100) [spring-security-web-6.1.1.jar:6.1.1]
	at org.springframework.security.web.FilterChainProxy$VirtualFilterChain.doFilter(FilterChainProxy.java:374) [spring-security-web-6.1.1.jar:6.1.1]
	at org.springframework.security.web.servletapi.SecurityContextHolderAwareRequestFilter.doFilter(SecurityContextHolderAwareRequestFilter.java:179) [spring-security-web-6.1.1.jar:6.1.1]
	at org.springframework.security.web.FilterChainProxy$VirtualFilterChain.doFilter(FilterChainProxy.java:374) [spring-security-web-6.1.1.jar:6.1.1]
	at org.springframework.security.web.savedrequest.RequestCacheAwareFilter.doFilter(RequestCacheAwareFilter.java:63) [spring-security-web-6.1.1.jar:6.1.1]
	at org.springframework.security.web.FilterChainProxy$VirtualFilterChain.doFilter(FilterChainProxy.java:374) [spring-security-web-6.1.1.jar:6.1.1]
	at org.springframework.web.filter.OncePerRequestFilter.doFilter(OncePerRequestFilter.java:101) [spring-web-6.0.10.jar:6.0.10]
	at org.springframework.security.web.FilterChainProxy$VirtualFilterChain.doFilter(FilterChainProxy.java:374) [spring-security-web-6.1.1.jar:6.1.1]
	at org.springframework.security.web.authentication.AbstractAuthenticationProcessingFilter.doFilter(AbstractAuthenticationProcessingFilter.java:227) [spring-security-web-6.1.1.jar:6.1.1]
	at org.springframework.security.web.authentication.AbstractAuthenticationProcessingFilter.doFilter(AbstractAuthenticationProcessingFilter.java:221) [spring-security-web-6.1.1.jar:6.1.1]
	at org.springframework.security.web.FilterChainProxy$VirtualFilterChain.doFilter(FilterChainProxy.java:374) [spring-security-web-6.1.1.jar:6.1.1]
	at org.springframework.web.filter.OncePerRequestFilter.doFilter(OncePerRequestFilter.java:101) [spring-web-6.0.10.jar:6.0.10]
	at org.springframework.security.web.FilterChainProxy$VirtualFilterChain.doFilter(FilterChainProxy.java:374) [spring-security-web-6.1.1.jar:6.1.1]
	at org.springframework.web.filter.OncePerRequestFilter.doFilter(OncePerRequestFilter.java:101) [spring-web-6.0.10.jar:6.0.10]
	at org.springframework.security.web.FilterChainProxy$VirtualFilterChain.doFilter(FilterChainProxy.java:374) [spring-security-web-6.1.1.jar:6.1.1]
	at org.springframework.security.web.context.SecurityContextHolderFilter.doFilter(SecurityContextHolderFilter.java:82) [spring-security-web-6.1.1.jar:6.1.1]
	at org.springframework.security.web.context.SecurityContextHolderFilter.doFilter(SecurityContextHolderFilter.java:69) [spring-security-web-6.1.1.jar:6.1.1]
	at org.springframework.security.web.FilterChainProxy$VirtualFilterChain.doFilter(FilterChainProxy.java:374) [spring-security-web-6.1.1.jar:6.1.1]
	at org.springframework.web.filter.OncePerRequestFilter.doFilter(OncePerRequestFilter.java:101) [spring-web-6.0.10.jar:6.0.10]
	at org.springframework.security.web.FilterChainProxy$VirtualFilterChain.doFilter(FilterChainProxy.java:374) [spring-security-web-6.1.1.jar:6.1.1]
	at org.springframework.web.filter.OncePerRequestFilter.doFilter(OncePerRequestFilter.java:101) [spring-web-6.0.10.jar:6.0.10]
	at org.springframework.security.web.FilterChainProxy$VirtualFilterChain.doFilter(FilterChainProxy.java:374) [spring-security-web-6.1.1.jar:6.1.1]
	at org.springframework.security.web.FilterChainProxy.doFilterInternal(FilterChainProxy.java:233) [spring-security-web-6.1.1.jar:6.1.1]
	at org.springframework.security.web.FilterChainProxy.doFilter(FilterChainProxy.java:191) [spring-security-web-6.1.1.jar:6.1.1]
	at org.springframework.web.filter.DelegatingFilterProxy.invokeDelegate(DelegatingFilterProxy.java:352) [spring-web-6.0.10.jar:6.0.10]
	at org.springframework.web.filter.DelegatingFilterProxy.doFilter(DelegatingFilterProxy.java:268) [spring-web-6.0.10.jar:6.0.10]
	at org.apache.catalina.core.ApplicationFilterChain.internalDoFilter(ApplicationFilterChain.java:174) [tomcat-embed-core-10.1.10.jar:10.1.10]
	at org.apache.catalina.core.ApplicationFilterChain.doFilter(ApplicationFilterChain.java:149) [tomcat-embed-core-10.1.10.jar:10.1.10]
	at org.springframework.web.filter.RequestContextFilter.doFilterInternal(RequestContextFilter.java:100) [spring-web-6.0.10.jar:6.0.10]
	at org.springframework.web.filter.OncePerRequestFilter.doFilter(OncePerRequestFilter.java:116) [spring-web-6.0.10.jar:6.0.10]
	at org.apache.catalina.core.ApplicationFilterChain.internalDoFilter(ApplicationFilterChain.java:174) [tomcat-embed-core-10.1.10.jar:10.1.10]
	at org.apache.catalina.core.ApplicationFilterChain.doFilter(ApplicationFilterChain.java:149) [tomcat-embed-core-10.1.10.jar:10.1.10]
	at org.springframework.web.filter.OncePerRequestFilter.doFilter(OncePerRequestFilter.java:101) [spring-web-6.0.10.jar:6.0.10]
	at org.apache.catalina.core.ApplicationFilterChain.internalDoFilter(ApplicationFilterChain.java:174) [tomcat-embed-core-10.1.10.jar:10.1.10]
	at org.apache.catalina.core.ApplicationFilterChain.doFilter(ApplicationFilterChain.java:149) [tomcat-embed-core-10.1.10.jar:10.1.10]
	at org.springframework.web.filter.OncePerRequestFilter.doFilter(OncePerRequestFilter.java:101) [spring-web-6.0.10.jar:6.0.10]
	at org.apache.catalina.core.ApplicationFilterChain.internalDoFilter(ApplicationFilterChain.java:174) [tomcat-embed-core-10.1.10.jar:10.1.10]
	at org.apache.catalina.core.ApplicationFilterChain.doFilter(ApplicationFilterChain.java:149) [tomcat-embed-core-10.1.10.jar:10.1.10]
	at org.apache.catalina.core.ApplicationDispatcher.invoke(ApplicationDispatcher.java:642) [tomcat-embed-core-10.1.10.jar:10.1.10]
	at org.apache.catalina.core.ApplicationDispatcher.processRequest(ApplicationDispatcher.java:410) [tomcat-embed-core-10.1.10.jar:10.1.10]
	at org.apache.catalina.core.ApplicationDispatcher.doForward(ApplicationDispatcher.java:340) [tomcat-embed-core-10.1.10.jar:10.1.10]
	at org.apache.catalina.core.ApplicationDispatcher.forward(ApplicationDispatcher.java:277) [tomcat-embed-core-10.1.10.jar:10.1.10]
	at org.apache.catalina.core.StandardHostValve.custom(StandardHostValve.java:358) [tomcat-embed-core-10.1.10.jar:10.1.10]
	at org.apache.catalina.core.StandardHostValve.status(StandardHostValve.java:222) [tomcat-embed-core-10.1.10.jar:10.1.10]
	at org.apache.catalina.core.StandardHostValve.invoke(StandardHostValve.java:151) [tomcat-embed-core-10.1.10.jar:10.1.10]
	at org.apache.catalina.valves.ErrorReportValve.invoke(ErrorReportValve.java:93) [tomcat-embed-core-10.1.10.jar:10.1.10]
	at org.apache.catalina.core.StandardEngineValve.invoke(StandardEngineValve.java:74) [tomcat-embed-core-10.1.10.jar:10.1.10]
	at org.apache.catalina.connector.CoyoteAdapter.service(CoyoteAdapter.java:341) [tomcat-embed-core-10.1.10.jar:10.1.10]
	at org.apache.coyote.http11.Http11Processor.service(Http11Processor.java:391) [tomcat-embed-core-10.1.10.jar:10.1.10]
	at org.apache.coyote.AbstractProcessorLight.process(AbstractProcessorLight.java:63) [tomcat-embed-core-10.1.10.jar:10.1.10]
	at org.apache.coyote.AbstractProtocol$ConnectionHandler.process(AbstractProtocol.java:894) [tomcat-embed-core-10.1.10.jar:10.1.10]
	at org.apache.tomcat.util.net.NioEndpoint$SocketProcessor.doRun(NioEndpoint.java:1741) [tomcat-embed-core-10.1.10.jar:10.1.10]
	at org.apache.tomcat.util.net.SocketProcessorBase.run(SocketProcessorBase.java:52) [tomcat-embed-core-10.1.10.jar:10.1.10]
	at org.apache.tomcat.util.threads.ThreadPoolExecutor.runWorker(ThreadPoolExecutor.java:1191) [tomcat-embed-core-10.1.10.jar:10.1.10]
	at org.apache.tomcat.util.threads.ThreadPoolExecutor$Worker.run(ThreadPoolExecutor.java:659) [tomcat-embed-core-10.1.10.jar:10.1.10]
	at org.apache.tomcat.util.threads.TaskThread$WrappingRunnable.run(TaskThread.java:61) [tomcat-embed-core-10.1.10.jar:10.1.10]
	at java.lang.Thread.run(Thread.java:833) [?:?]
2023-08-01 23:40:59.946 [http-nio-8080-exec-1] DEBUG org.springframework.web.servlet.handler.SimpleUrlHandlerMapping - Mapped to ResourceHttpRequestHandler [classpath [META-INF/resources/], classpath [resources/], classpath [static/], classpath [public/], ServletContext [/]]
2023-08-01 23:40:59.947 [http-nio-8080-exec-1] DEBUG org.springframework.web.servlet.handler.SimpleUrlHandlerMapping - Mapped to ResourceHttpRequestHandler [classpath [META-INF/resources/], classpath [resources/], classpath [static/], classpath [public/], ServletContext [/]]
2023-08-01 23:40:59.948 [http-nio-8080-exec-1] DEBUG org.springframework.web.servlet.handler.SimpleUrlHandlerMapping - Mapped to ResourceHttpRequestHandler [classpath [META-INF/resources/], classpath [resources/], classpath [static/], classpath [public/], ServletContext [/]]
2023-08-01 23:40:59.949 [http-nio-8080-exec-1] DEBUG org.springframework.web.servlet.handler.SimpleUrlHandlerMapping - Mapped to ResourceHttpRequestHandler [classpath [META-INF/resources/], classpath [resources/], classpath [static/], classpath [public/], ServletContext [/]]
2023-08-01 23:40:59.950 [http-nio-8080-exec-1] DEBUG org.springframework.web.servlet.handler.SimpleUrlHandlerMapping - Mapped to ResourceHttpRequestHandler [classpath [META-INF/resources/], classpath [resources/], classpath [static/], classpath [public/], ServletContext [/]]
2023-08-01 23:40:59.951 [http-nio-8080-exec-1] DEBUG org.springframework.web.servlet.handler.SimpleUrlHandlerMapping - Mapped to ResourceHttpRequestHandler [classpath [META-INF/resources/], classpath [resources/], classpath [static/], classpath [public/], ServletContext [/]]
2023-08-01 23:40:59.951 [http-nio-8080-exec-1] DEBUG org.springframework.security.web.FilterChainProxy - Securing POST /api/v1/auth/login
2023-08-01 23:41:00.062 [http-nio-8080-exec-1] DEBUG org.springframework.security.authentication.dao.DaoAuthenticationProvider - Authenticated user
2023-08-01 23:41:02.029 [http-nio-8080-exec-2] DEBUG org.springframework.web.servlet.mvc.method.annotation.RequestMappingHandlerMapping - Mapped to com.vti.controller.AccountController#findAll(AccountFilterForm, Pageable)
2023-08-01 23:41:02.029 [http-nio-8080-exec-3] DEBUG org.springframework.web.servlet.mvc.method.annotation.RequestMappingHandlerMapping - Mapped to com.vti.controller.DepartmentController#findAll(DepartmentFilterForm, Pageable)
2023-08-01 23:41:02.029 [http-nio-8080-exec-2] DEBUG org.springframework.web.servlet.mvc.method.annotation.RequestMappingHandlerMapping - Mapped to com.vti.controller.AccountController#findAll(AccountFilterForm, Pageable)
2023-08-01 23:41:02.030 [http-nio-8080-exec-3] DEBUG org.springframework.web.servlet.mvc.method.annotation.RequestMappingHandlerMapping - Mapped to com.vti.controller.DepartmentController#findAll(DepartmentFilterForm, Pageable)
2023-08-01 23:41:02.032 [http-nio-8080-exec-2] DEBUG org.springframework.web.servlet.mvc.method.annotation.RequestMappingHandlerMapping - Mapped to com.vti.controller.AccountController#findAll(AccountFilterForm, Pageable)
2023-08-01 23:41:02.032 [http-nio-8080-exec-3] DEBUG org.springframework.web.servlet.mvc.method.annotation.RequestMappingHandlerMapping - Mapped to com.vti.controller.DepartmentController#findAll(DepartmentFilterForm, Pageable)
2023-08-01 23:41:02.033 [http-nio-8080-exec-2] DEBUG org.springframework.web.servlet.mvc.method.annotation.RequestMappingHandlerMapping - Mapped to com.vti.controller.AccountController#findAll(AccountFilterForm, Pageable)
2023-08-01 23:41:02.033 [http-nio-8080-exec-3] DEBUG org.springframework.web.servlet.mvc.method.annotation.RequestMappingHandlerMapping - Mapped to com.vti.controller.DepartmentController#findAll(DepartmentFilterForm, Pageable)
2023-08-01 23:41:02.033 [http-nio-8080-exec-2] DEBUG org.springframework.web.servlet.mvc.method.annotation.RequestMappingHandlerMapping - Mapped to com.vti.controller.AccountController#findAll(AccountFilterForm, Pageable)
2023-08-01 23:41:02.033 [http-nio-8080-exec-3] DEBUG org.springframework.web.servlet.mvc.method.annotation.RequestMappingHandlerMapping - Mapped to com.vti.controller.DepartmentController#findAll(DepartmentFilterForm, Pageable)
2023-08-01 23:41:02.034 [http-nio-8080-exec-2] DEBUG org.springframework.web.servlet.mvc.method.annotation.RequestMappingHandlerMapping - Mapped to com.vti.controller.AccountController#findAll(AccountFilterForm, Pageable)
2023-08-01 23:41:02.034 [http-nio-8080-exec-3] DEBUG org.springframework.web.servlet.mvc.method.annotation.RequestMappingHandlerMapping - Mapped to com.vti.controller.DepartmentController#findAll(DepartmentFilterForm, Pageable)
2023-08-01 23:41:02.034 [http-nio-8080-exec-2] DEBUG org.springframework.security.web.FilterChainProxy - Securing GET /api/v1/accounts?page=1&size=10&sort=createdAt%2Cdesc&search=&role=&minId=&maxId=&minCreatedDate=&maxCreatedDate=
2023-08-01 23:41:02.034 [http-nio-8080-exec-3] DEBUG org.springframework.security.web.FilterChainProxy - Securing GET /api/v1/departments
2023-08-01 23:41:02.045 [http-nio-8080-exec-2] DEBUG org.springframework.web.servlet.mvc.method.annotation.RequestMappingHandlerMapping - Mapped to com.vti.controller.AccountController#findAll(AccountFilterForm, Pageable)
2023-08-01 23:41:02.045 [http-nio-8080-exec-3] DEBUG org.springframework.web.servlet.mvc.method.annotation.RequestMappingHandlerMapping - Mapped to com.vti.controller.DepartmentController#findAll(DepartmentFilterForm, Pageable)
2023-08-01 23:41:02.045 [http-nio-8080-exec-2] DEBUG org.springframework.web.servlet.mvc.method.annotation.RequestMappingHandlerMapping - Mapped to com.vti.controller.AccountController#findAll(AccountFilterForm, Pageable)
2023-08-01 23:41:02.045 [http-nio-8080-exec-3] DEBUG org.springframework.web.servlet.mvc.method.annotation.RequestMappingHandlerMapping - Mapped to com.vti.controller.DepartmentController#findAll(DepartmentFilterForm, Pageable)
2023-08-01 23:41:02.046 [http-nio-8080-exec-3] DEBUG org.springframework.web.servlet.mvc.method.annotation.RequestMappingHandlerMapping - Mapped to com.vti.controller.DepartmentController#findAll(DepartmentFilterForm, Pageable)
2023-08-01 23:41:02.046 [http-nio-8080-exec-2] DEBUG org.springframework.web.servlet.mvc.method.annotation.RequestMappingHandlerMapping - Mapped to com.vti.controller.AccountController#findAll(AccountFilterForm, Pageable)
2023-08-01 23:41:02.046 [http-nio-8080-exec-2] DEBUG org.springframework.web.servlet.mvc.method.annotation.RequestMappingHandlerMapping - Mapped to com.vti.controller.AccountController#findAll(AccountFilterForm, Pageable)
2023-08-01 23:41:02.046 [http-nio-8080-exec-3] DEBUG org.springframework.web.servlet.mvc.method.annotation.RequestMappingHandlerMapping - Mapped to com.vti.controller.DepartmentController#findAll(DepartmentFilterForm, Pageable)
2023-08-01 23:41:02.046 [http-nio-8080-exec-2] DEBUG org.springframework.web.servlet.mvc.method.annotation.RequestMappingHandlerMapping - Mapped to com.vti.controller.AccountController#findAll(AccountFilterForm, Pageable)
2023-08-01 23:41:02.046 [http-nio-8080-exec-3] DEBUG org.springframework.web.servlet.mvc.method.annotation.RequestMappingHandlerMapping - Mapped to com.vti.controller.DepartmentController#findAll(DepartmentFilterForm, Pageable)
2023-08-01 23:41:02.046 [http-nio-8080-exec-3] DEBUG org.springframework.web.servlet.mvc.method.annotation.RequestMappingHandlerMapping - Mapped to com.vti.controller.DepartmentController#findAll(DepartmentFilterForm, Pageable)
2023-08-01 23:41:02.046 [http-nio-8080-exec-2] DEBUG org.springframework.web.servlet.mvc.method.annotation.RequestMappingHandlerMapping - Mapped to com.vti.controller.AccountController#findAll(AccountFilterForm, Pageable)
2023-08-01 23:41:02.047 [http-nio-8080-exec-2] DEBUG org.springframework.web.servlet.mvc.method.annotation.RequestMappingHandlerMapping - Mapped to com.vti.controller.AccountController#findAll(AccountFilterForm, Pageable)
2023-08-01 23:41:02.047 [http-nio-8080-exec-3] DEBUG org.springframework.web.servlet.mvc.method.annotation.RequestMappingHandlerMapping - Mapped to com.vti.controller.DepartmentController#findAll(DepartmentFilterForm, Pageable)
2023-08-01 23:41:02.048 [http-nio-8080-exec-2] DEBUG org.springframework.security.web.FilterChainProxy - Secured GET /api/v1/accounts?page=1&size=10&sort=createdAt%2Cdesc&search=&role=&minId=&maxId=&minCreatedDate=&maxCreatedDate=
2023-08-01 23:41:02.048 [http-nio-8080-exec-2] DEBUG org.springframework.web.servlet.DispatcherServlet - GET "/api/v1/accounts?page=1&size=10&sort=createdAt%2Cdesc&search=&role=&minId=&maxId=&minCreatedDate=&maxCreatedDate=", parameters={masked}
2023-08-01 23:41:02.049 [http-nio-8080-exec-2] DEBUG org.springframework.web.servlet.mvc.method.annotation.RequestMappingHandlerMapping - Mapped to com.vti.controller.AccountController#findAll(AccountFilterForm, Pageable)
2023-08-01 23:41:02.048 [http-nio-8080-exec-3] DEBUG org.springframework.security.web.FilterChainProxy - Secured GET /api/v1/departments
2023-08-01 23:41:02.050 [http-nio-8080-exec-3] DEBUG org.springframework.web.servlet.DispatcherServlet - GET "/api/v1/departments", parameters={}
2023-08-01 23:41:02.051 [http-nio-8080-exec-3] DEBUG org.springframework.web.servlet.mvc.method.annotation.RequestMappingHandlerMapping - Mapped to com.vti.controller.DepartmentController#findAll(DepartmentFilterForm, Pageable)
2023-08-01 23:41:02.504 [http-nio-8080-exec-3] DEBUG org.springframework.web.servlet.mvc.method.annotation.RequestResponseBodyMethodProcessor - Using 'application/json', given [*/*] and supported [application/json, application/*+json]
2023-08-01 23:41:02.505 [http-nio-8080-exec-3] DEBUG org.springframework.web.servlet.mvc.method.annotation.RequestResponseBodyMethodProcessor - Writing [Page 1 of 1 containing com.vti.dto.DepartmentDto instances]
2023-08-01 23:41:02.519 [http-nio-8080-exec-3] DEBUG org.springframework.web.servlet.DispatcherServlet - Completed 200 OK
2023-08-01 23:41:02.768 [http-nio-8080-exec-2] DEBUG org.springframework.web.servlet.mvc.method.annotation.RequestResponseBodyMethodProcessor - Using 'application/json', given [*/*] and supported [application/json, application/*+json]
2023-08-01 23:41:02.769 [http-nio-8080-exec-2] DEBUG org.springframework.web.servlet.mvc.method.annotation.RequestResponseBodyMethodProcessor - Writing [Page 1 of 1 containing com.vti.dto.AccountDto instances]
2023-08-01 23:41:02.772 [http-nio-8080-exec-2] DEBUG org.springframework.web.servlet.DispatcherServlet - Completed 200 OK
2023-08-01 23:43:07.914 [SpringApplicationShutdownHook] INFO  org.springframework.orm.jpa.LocalContainerEntityManagerFactoryBean - Closing JPA EntityManagerFactory for persistence unit 'default'
2023-08-01 23:43:07.922 [SpringApplicationShutdownHook] INFO  com.zaxxer.hikari.HikariDataSource - HikariPool-1 - Shutdown initiated...
2023-08-01 23:43:07.961 [SpringApplicationShutdownHook] INFO  com.zaxxer.hikari.HikariDataSource - HikariPool-1 - Shutdown completed.
